0 verbose cli /usr/bin/node /usr/bin/npm
1 info using npm@9.2.0
2 info using node@v18.19.1
3 timing npm:load:whichnode Completed in 1ms
4 timing config:load:defaults Completed in 3ms
5 timing config:load:file:/usr/share/nodejs/npm/npmrc Completed in 10ms
6 timing config:load:builtin Completed in 10ms
7 timing config:load:cli Completed in 6ms
8 timing config:load:env Completed in 2ms
9 timing config:load:project Completed in 4ms
10 timing config:load:file:/home/shafath/.npmrc Completed in 1ms
11 timing config:load:user Completed in 1ms
12 timing config:load:file:/etc/npmrc Completed in 1ms
13 timing config:load:global Completed in 1ms
14 timing config:load:setEnvs Completed in 4ms
15 timing config:load Completed in 31ms
16 timing npm:load:configload Completed in 32ms
17 timing npm:load:mkdirpcache Completed in 4ms
18 timing npm:load:mkdirplogs Completed in 2ms
19 verbose title npm install
20 verbose argv "install"
21 timing npm:load:setTitle Completed in 5ms
22 timing config:load:flatten Completed in 11ms
23 timing npm:load:display Completed in 12ms
24 verbose logfile logs-max:10 dir:/home/shafath/.npm/_logs/2025-11-30T11_39_36_016Z-
25 verbose logfile /home/shafath/.npm/_logs/2025-11-30T11_39_36_016Z-debug-0.log
26 timing npm:load:logFile Completed in 16ms
27 timing npm:load:timers Completed in 0ms
28 timing npm:load:configScope Completed in 0ms
29 timing npm:load Completed in 72ms
30 timing config:load:flatten Completed in 1ms
31 timing arborist:ctor Completed in 2ms
32 silly logfile done cleaning log files
33 timing arborist:ctor Completed in 0ms
34 timing idealTree:init Completed in 60ms
35 timing idealTree:userRequests Completed in 0ms
36 silly idealTree buildDeps
37 timing idealTree:#root Completed in 1ms
38 timing idealTree:buildDeps Completed in 5ms
39 timing idealTree:fixDepFlags Completed in 0ms
40 timing idealTree Completed in 70ms
41 timing reify:loadTrees Completed in 71ms
42 timing reify:diffTrees Completed in 1ms
43 silly reify moves {}
44 timing reify:retireShallow Completed in 2ms
45 timing reify:createSparse Completed in 0ms
46 timing reify:loadBundles Completed in 0ms
47 timing reify:unpack Completed in 0ms
48 timing reify:unretire Completed in 0ms
49 timing build:queue Completed in 0ms
50 timing build:deps Completed in 1ms
51 timing build Completed in 1ms
52 timing reify:build Completed in 1ms
53 timing reify:trash Completed in 0ms
54 timing reify:save Completed in 4ms
55 timing reify Completed in 102ms
56 timing command:install Completed in 113ms
57 verbose stack Error: ENOENT: no such file or directory, open '/home/shafath/package.json'
58 verbose cwd /home/shafath
59 verbose Linux 6.8.0-87-generic
60 verbose node v18.19.1
61 verbose npm  v9.2.0
62 error code ENOENT
63 error syscall open
64 error path /home/shafath/package.json
65 error errno -2
66 error enoent ENOENT: no such file or directory, open '/home/shafath/package.json'
67 error enoent This is related to npm not being able to find a file.
67 error enoent
68 verbose exit -2
69 timing npm Completed in 261ms
70 verbose code -2
71 error A complete log of this run can be found in:
71 error     /home/shafath/.npm/_logs/2025-11-30T11_39_36_016Z-debug-0.log
