0 verbose cli /usr/bin/node /usr/bin/npm
1 info using npm@9.2.0
2 info using node@v18.19.1
3 timing npm:load:whichnode Completed in 0ms
4 timing config:load:defaults Completed in 4ms
5 timing config:load:file:/usr/share/nodejs/npm/npmrc Completed in 11ms
6 timing config:load:builtin Completed in 11ms
7 timing config:load:cli Completed in 6ms
8 timing config:load:env Completed in 1ms
9 timing config:load:file:/home/shafath/blog-backend/.npmrc Completed in 1ms
10 timing config:load:project Completed in 4ms
11 timing config:load:file:/home/shafath/.npmrc Completed in 2ms
12 timing config:load:user Completed in 2ms
13 timing config:load:file:/etc/npmrc Completed in 0ms
14 timing config:load:global Completed in 1ms
15 timing config:load:setEnvs Completed in 2ms
16 timing config:load Completed in 32ms
17 timing npm:load:configload Completed in 33ms
18 timing npm:load:mkdirpcache Completed in 3ms
19 timing npm:load:mkdirplogs Completed in 1ms
20 verbose title npm install prom-client
21 verbose argv "install" "prom-client"
22 timing npm:load:setTitle Completed in 4ms
23 timing config:load:flatten Completed in 9ms
24 timing npm:load:display Completed in 12ms
25 verbose logfile logs-max:10 dir:/home/shafath/.npm/_logs/2025-12-04T07_42_52_295Z-
26 verbose logfile /home/shafath/.npm/_logs/2025-12-04T07_42_52_295Z-debug-0.log
27 timing npm:load:logFile Completed in 17ms
28 timing npm:load:timers Completed in 0ms
29 timing npm:load:configScope Completed in 0ms
30 timing npm:load Completed in 73ms
31 silly logfile done cleaning log files
32 timing config:load:flatten Completed in 1ms
33 timing arborist:ctor Completed in 1ms
34 timing idealTree:init Completed in 255ms
35 timing idealTree:userRequests Completed in 4ms
36 silly idealTree buildDeps
37 silly fetch manifest prom-client@*
38 timing arborist:ctor Completed in 0ms
39 http fetch GET 200 https://registry.npmjs.org/prom-client 498ms (cache miss)
40 silly placeDep ROOT prom-client@15.1.3 OK for: blog-backend@1.0.0 want: *
41 silly fetch manifest @opentelemetry/api@^1.4.0
42 silly fetch manifest tdigest@^0.1.1
43 http fetch GET 200 https://registry.npmjs.org/tdigest 139ms (cache miss)
44 http fetch GET 200 https://registry.npmjs.org/@opentelemetry%2fapi 436ms (cache miss)
45 timing idealTree:#root Completed in 965ms
46 silly placeDep ROOT @opentelemetry/api@1.9.0 OK for: prom-client@15.1.3 want: ^1.4.0
47 silly placeDep ROOT tdigest@0.1.2 OK for: prom-client@15.1.3 want: ^0.1.1
48 silly fetch manifest bintrees@1.0.2
49 http fetch GET 200 https://registry.npmjs.org/bintrees 89ms (cache miss)
50 timing idealTree:node_modules/prom-client Completed in 103ms
51 timing idealTree:node_modules/@opentelemetry/api Completed in 0ms
52 silly placeDep ROOT bintrees@1.0.2 OK for: tdigest@0.1.2 want: 1.0.2
53 timing idealTree:node_modules/tdigest Completed in 4ms
54 timing idealTree:node_modules/bintrees Completed in 0ms
55 timing idealTree:buildDeps Completed in 1080ms
56 timing idealTree:fixDepFlags Completed in 2ms
57 timing idealTree Completed in 1349ms
58 timing reify:loadTrees Completed in 1353ms
59 timing reify:diffTrees Completed in 8ms
60 silly reify moves {}
61 timing reify:retireShallow Completed in 2ms
62 timing reify:createSparse Completed in 3ms
63 timing reify:loadBundles Completed in 0ms
64 silly audit bulk request {
64 silly audit   accepts: [ '2.0.0' ],
64 silly audit   'body-parser': [ '2.2.1' ],
64 silly audit   bytes: [ '3.1.2' ],
64 silly audit   'call-bind-apply-helpers': [ '1.0.2' ],
64 silly audit   'call-bound': [ '1.0.4' ],
64 silly audit   'content-disposition': [ '1.0.1' ],
64 silly audit   'content-type': [ '1.0.5' ],
64 silly audit   cookie: [ '0.7.2' ],
64 silly audit   'cookie-signature': [ '1.2.2' ],
64 silly audit   cors: [ '2.8.5' ],
64 silly audit   debug: [ '4.4.3' ],
64 silly audit   depd: [ '2.0.0' ],
64 silly audit   dotenv: [ '17.2.3' ],
64 silly audit   'dunder-proto': [ '1.0.1' ],
64 silly audit   'ee-first': [ '1.1.1' ],
64 silly audit   encodeurl: [ '2.0.0' ],
64 silly audit   'es-define-property': [ '1.0.1' ],
64 silly audit   'es-errors': [ '1.3.0' ],
64 silly audit   'es-object-atoms': [ '1.1.1' ],
64 silly audit   'escape-html': [ '1.0.3' ],
64 silly audit   etag: [ '1.8.1' ],
64 silly audit   express: [ '5.1.0' ],
64 silly audit   finalhandler: [ '2.1.0' ],
64 silly audit   forwarded: [ '0.2.0' ],
64 silly audit   fresh: [ '2.0.0' ],
64 silly audit   'function-bind': [ '1.1.2' ],
64 silly audit   'get-intrinsic': [ '1.3.0' ],
64 silly audit   'get-proto': [ '1.0.1' ],
64 silly audit   gopd: [ '1.2.0' ],
64 silly audit   'has-symbols': [ '1.1.0' ],
64 silly audit   hasown: [ '2.0.2' ],
64 silly audit   'http-errors': [ '2.0.1' ],
64 silly audit   'iconv-lite': [ '0.7.0' ],
64 silly audit   inherits: [ '2.0.4' ],
64 silly audit   'ipaddr.js': [ '1.9.1' ],
64 silly audit   'is-promise': [ '4.0.0' ],
64 silly audit   'math-intrinsics': [ '1.1.0' ],
64 silly audit   'media-typer': [ '1.1.0' ],
64 silly audit   'merge-descriptors': [ '2.0.0' ],
64 silly audit   'mime-db': [ '1.54.0' ],
64 silly audit   'mime-types': [ '3.0.2' ],
64 silly audit   ms: [ '2.1.3' ],
64 silly audit   negotiator: [ '1.0.0' ],
64 silly audit   'object-assign': [ '4.1.1' ],
64 silly audit   'object-inspect': [ '1.13.4' ],
64 silly audit   'on-finished': [ '2.4.1' ],
64 silly audit   once: [ '1.4.0' ],
64 silly audit   parseurl: [ '1.3.3' ],
64 silly audit   'path-to-regexp': [ '8.3.0' ],
64 silly audit   pg: [ '8.16.3' ],
64 silly audit   'pg-cloudflare': [ '1.2.7' ],
64 silly audit   'pg-connection-string': [ '2.9.1' ],
64 silly audit   'pg-int8': [ '1.0.1' ],
64 silly audit   'pg-pool': [ '3.10.1' ],
64 silly audit   'pg-protocol': [ '1.10.3' ],
64 silly audit   'pg-types': [ '2.2.0' ],
64 silly audit   pgpass: [ '1.0.5' ],
64 silly audit   'postgres-array': [ '2.0.0' ],
64 silly audit   'postgres-bytea': [ '1.0.0' ],
64 silly audit   'postgres-date': [ '1.0.7' ],
64 silly audit   'postgres-interval': [ '1.2.0' ],
64 silly audit   'proxy-addr': [ '2.0.7' ],
64 silly audit   qs: [ '6.14.0' ],
64 silly audit   'range-parser': [ '1.2.1' ],
64 silly audit   'raw-body': [ '3.0.2' ],
64 silly audit   router: [ '2.2.0' ],
64 silly audit   'safer-buffer': [ '2.1.2' ],
64 silly audit   send: [ '1.2.0' ],
64 silly audit   'serve-static': [ '2.2.0' ],
64 silly audit   setprototypeof: [ '1.2.0' ],
64 silly audit   'side-channel': [ '1.1.0' ],
64 silly audit   'side-channel-list': [ '1.0.0' ],
64 silly audit   'side-channel-map': [ '1.0.1' ],
64 silly audit   'side-channel-weakmap': [ '1.0.2' ],
64 silly audit   split2: [ '4.2.0' ],
64 silly audit   statuses: [ '2.0.2' ],
64 silly audit   toidentifier: [ '1.0.1' ],
64 silly audit   'type-is': [ '2.0.1' ],
64 silly audit   unpipe: [ '1.0.0' ],
64 silly audit   vary: [ '1.1.2' ],
64 silly audit   wrappy: [ '1.0.2' ],
64 silly audit   xtend: [ '4.0.2' ],
64 silly audit   'prom-client': [ '15.1.3' ],
64 silly audit   '@opentelemetry/api': [ '1.9.0' ],
64 silly audit   tdigest: [ '0.1.2' ],
64 silly audit   bintrees: [ '1.0.2' ]
64 silly audit }
65 silly tarball no local data for bintrees@https://registry.npmjs.org/bintrees/-/bintrees-1.0.2.tgz. Extracting by manifest.
66 silly tarball no local data for tdigest@https://registry.npmjs.org/tdigest/-/tdigest-0.1.2.tgz. Extracting by manifest.
67 silly tarball no local data for prom-client@https://registry.npmjs.org/prom-client/-/prom-client-15.1.3.tgz. Extracting by manifest.
68 silly tarball no local data for @opentelemetry/api@https://registry.npmjs.org/@opentelemetry/api/-/api-1.9.0.tgz. Extracting by manifest.
69 http fetch POST 200 https://registry.npmjs.org/-/npm/v1/security/advisories/bulk 437ms
70 timing auditReport:getReport Completed in 448ms
71 silly audit report {}
72 timing auditReport:init Completed in 0ms
73 timing reify:audit Completed in 452ms
74 http fetch GET 200 https://registry.npmjs.org/tdigest/-/tdigest-0.1.2.tgz 490ms (cache miss)
75 timing reifyNode:node_modules/tdigest Completed in 533ms
76 http fetch GET 200 https://registry.npmjs.org/prom-client/-/prom-client-15.1.3.tgz 607ms (cache miss)
77 timing reifyNode:node_modules/prom-client Completed in 654ms
78 http fetch GET 200 https://registry.npmjs.org/bintrees/-/bintrees-1.0.2.tgz 896ms (cache miss)
79 timing reifyNode:node_modules/bintrees Completed in 931ms
80 http fetch GET 200 https://registry.npmjs.org/@opentelemetry/api/-/api-1.9.0.tgz 1742ms (cache miss)
81 timing reifyNode:node_modules/@opentelemetry/api Completed in 1797ms
82 timing reify:unpack Completed in 1799ms
83 timing reify:unretire Completed in 0ms
84 timing build:queue Completed in 1ms
85 timing build:deps Completed in 1ms
86 timing build Completed in 3ms
87 timing reify:build Completed in 7ms
88 timing reify:trash Completed in 0ms
89 timing reify:save Completed in 76ms
90 timing reify Completed in 3327ms
91 silly ADD node_modules/bintrees
92 silly ADD node_modules/tdigest
93 silly ADD node_modules/@opentelemetry/api
94 silly ADD node_modules/prom-client
95 timing command:install Completed in 3351ms
96 verbose exit 0
97 timing npm Completed in 3476ms
98 info ok
