0 verbose cli /usr/bin/node /usr/bin/npm
1 info using npm@9.2.0
2 info using node@v18.19.1
3 timing npm:load:whichnode Completed in 1ms
4 timing config:load:defaults Completed in 4ms
5 timing config:load:file:/usr/share/nodejs/npm/npmrc Completed in 8ms
6 timing config:load:builtin Completed in 10ms
7 timing config:load:cli Completed in 5ms
8 timing config:load:env Completed in 1ms
9 timing config:load:file:/home/shafath/blog-backend/.npmrc Completed in 0ms
10 timing config:load:project Completed in 2ms
11 timing config:load:file:/home/shafath/.npmrc Completed in 2ms
12 timing config:load:user Completed in 3ms
13 timing config:load:file:/etc/npmrc Completed in 2ms
14 timing config:load:global Completed in 2ms
15 timing config:load:setEnvs Completed in 4ms
16 timing config:load Completed in 32ms
17 timing npm:load:configload Completed in 33ms
18 timing npm:load:mkdirpcache Completed in 2ms
19 timing npm:load:mkdirplogs Completed in 0ms
20 verbose title npm start
21 verbose argv "start"
22 timing npm:load:setTitle Completed in 6ms
23 timing config:load:flatten Completed in 10ms
24 timing npm:load:display Completed in 12ms
25 verbose logfile logs-max:10 dir:/home/shafath/.npm/_logs/2025-11-30T11_54_17_956Z-
26 verbose logfile /home/shafath/.npm/_logs/2025-11-30T11_54_17_956Z-debug-0.log
27 timing npm:load:logFile Completed in 16ms
28 timing npm:load:timers Completed in 0ms
29 timing npm:load:configScope Completed in 0ms
30 timing npm:load Completed in 70ms
31 timing config:load:flatten Completed in 1ms
32 silly logfile done cleaning log files
