0 verbose cli /usr/bin/node /usr/bin/npm
1 info using npm@9.2.0
2 info using node@v18.19.1
3 timing npm:load:whichnode Completed in 1ms
4 timing config:load:defaults Completed in 3ms
5 timing config:load:file:/usr/share/nodejs/npm/npmrc Completed in 12ms
6 timing config:load:builtin Completed in 12ms
7 timing config:load:cli Completed in 6ms
8 timing config:load:env Completed in 1ms
9 timing config:load:file:/home/shafath/blog-backend/.npmrc Completed in 0ms
10 timing config:load:project Completed in 6ms
11 timing config:load:file:/home/shafath/.npmrc Completed in 2ms
12 timing config:load:user Completed in 2ms
13 timing config:load:file:/etc/npmrc Completed in 0ms
14 timing config:load:global Completed in 1ms
15 timing config:load:setEnvs Completed in 4ms
16 timing config:load Completed in 37ms
17 timing npm:load:configload Completed in 37ms
18 timing npm:load:mkdirpcache Completed in 0ms
19 timing npm:load:mkdirplogs Completed in 2ms
20 verbose title npm install
21 verbose argv "install"
22 timing npm:load:setTitle Completed in 6ms
23 timing config:load:flatten Completed in 10ms
24 timing npm:load:display Completed in 12ms
25 verbose logfile logs-max:10 dir:/home/shafath/.npm/_logs/2025-11-30T11_52_12_185Z-
26 verbose logfile /home/shafath/.npm/_logs/2025-11-30T11_52_12_185Z-debug-0.log
27 timing npm:load:logFile Completed in 17ms
28 timing npm:load:timers Completed in 0ms
29 timing npm:load:configScope Completed in 0ms
30 timing npm:load Completed in 75ms
31 timing config:load:flatten Completed in 1ms
32 timing arborist:ctor Completed in 1ms
33 silly logfile done cleaning log files
34 timing idealTree:init Completed in 323ms
35 timing idealTree:userRequests Completed in 1ms
36 silly idealTree buildDeps
37 timing idealTree:#root Completed in 1ms
38 timing idealTree:buildDeps Completed in 5ms
39 timing idealTree:fixDepFlags Completed in 1ms
40 timing idealTree Completed in 342ms
41 timing reify:loadTrees Completed in 360ms
42 timing reify:diffTrees Completed in 17ms
43 silly reify moves {}
44 timing reify:retireShallow Completed in 4ms
45 timing reify:createSparse Completed in 60ms
46 timing reify:loadBundles Completed in 0ms
47 silly audit bulk request {
47 silly audit   accepts: [ '2.0.0' ],
47 silly audit   'body-parser': [ '2.2.1' ],
47 silly audit   bytes: [ '3.1.2' ],
47 silly audit   'call-bind-apply-helpers': [ '1.0.2' ],
47 silly audit   'call-bound': [ '1.0.4' ],
47 silly audit   'content-disposition': [ '1.0.1' ],
47 silly audit   'content-type': [ '1.0.5' ],
47 silly audit   cookie: [ '0.7.2' ],
47 silly audit   'cookie-signature': [ '1.2.2' ],
47 silly audit   cors: [ '2.8.5' ],
47 silly audit   debug: [ '4.4.3' ],
47 silly audit   depd: [ '2.0.0' ],
47 silly audit   dotenv: [ '17.2.3' ],
47 silly audit   'dunder-proto': [ '1.0.1' ],
47 silly audit   'ee-first': [ '1.1.1' ],
47 silly audit   encodeurl: [ '2.0.0' ],
47 silly audit   'es-define-property': [ '1.0.1' ],
47 silly audit   'es-errors': [ '1.3.0' ],
47 silly audit   'es-object-atoms': [ '1.1.1' ],
47 silly audit   'escape-html': [ '1.0.3' ],
47 silly audit   etag: [ '1.8.1' ],
47 silly audit   express: [ '5.1.0' ],
47 silly audit   finalhandler: [ '2.1.0' ],
47 silly audit   forwarded: [ '0.2.0' ],
47 silly audit   fresh: [ '2.0.0' ],
47 silly audit   'function-bind': [ '1.1.2' ],
47 silly audit   'get-intrinsic': [ '1.3.0' ],
47 silly audit   'get-proto': [ '1.0.1' ],
47 silly audit   gopd: [ '1.2.0' ],
47 silly audit   'has-symbols': [ '1.1.0' ],
47 silly audit   hasown: [ '2.0.2' ],
47 silly audit   'http-errors': [ '2.0.1' ],
47 silly audit   'iconv-lite': [ '0.7.0' ],
47 silly audit   inherits: [ '2.0.4' ],
47 silly audit   'ipaddr.js': [ '1.9.1' ],
47 silly audit   'is-promise': [ '4.0.0' ],
47 silly audit   'math-intrinsics': [ '1.1.0' ],
47 silly audit   'media-typer': [ '1.1.0' ],
47 silly audit   'merge-descriptors': [ '2.0.0' ],
47 silly audit   'mime-db': [ '1.54.0' ],
47 silly audit   'mime-types': [ '3.0.2' ],
47 silly audit   ms: [ '2.1.3' ],
47 silly audit   negotiator: [ '1.0.0' ],
47 silly audit   'object-assign': [ '4.1.1' ],
47 silly audit   'object-inspect': [ '1.13.4' ],
47 silly audit   'on-finished': [ '2.4.1' ],
47 silly audit   once: [ '1.4.0' ],
47 silly audit   parseurl: [ '1.3.3' ],
47 silly audit   'path-to-regexp': [ '8.3.0' ],
47 silly audit   pg: [ '8.16.3' ],
47 silly audit   'pg-cloudflare': [ '1.2.7' ],
47 silly audit   'pg-connection-string': [ '2.9.1' ],
47 silly audit   'pg-int8': [ '1.0.1' ],
47 silly audit   'pg-pool': [ '3.10.1' ],
47 silly audit   'pg-protocol': [ '1.10.3' ],
47 silly audit   'pg-types': [ '2.2.0' ],
47 silly audit   pgpass: [ '1.0.5' ],
47 silly audit   'postgres-array': [ '2.0.0' ],
47 silly audit   'postgres-bytea': [ '1.0.0' ],
47 silly audit   'postgres-date': [ '1.0.7' ],
47 silly audit   'postgres-interval': [ '1.2.0' ],
47 silly audit   'proxy-addr': [ '2.0.7' ],
47 silly audit   qs: [ '6.14.0' ],
47 silly audit   'range-parser': [ '1.2.1' ],
47 silly audit   'raw-body': [ '3.0.2' ],
47 silly audit   router: [ '2.2.0' ],
47 silly audit   'safer-buffer': [ '2.1.2' ],
47 silly audit   send: [ '1.2.0' ],
47 silly audit   'serve-static': [ '2.2.0' ],
47 silly audit   setprototypeof: [ '1.2.0' ],
47 silly audit   'side-channel': [ '1.1.0' ],
47 silly audit   'side-channel-list': [ '1.0.0' ],
47 silly audit   'side-channel-map': [ '1.0.1' ],
47 silly audit   'side-channel-weakmap': [ '1.0.2' ],
47 silly audit   split2: [ '4.2.0' ],
47 silly audit   statuses: [ '2.0.2' ],
47 silly audit   toidentifier: [ '1.0.1' ],
47 silly audit   'type-is': [ '2.0.1' ],
47 silly audit   unpipe: [ '1.0.0' ],
47 silly audit   vary: [ '1.1.2' ],
47 silly audit   wrappy: [ '1.0.2' ],
47 silly audit   xtend: [ '4.0.2' ]
47 silly audit }
48 silly tarball no local data for xtend@https://registry.npmjs.org/xtend/-/xtend-4.0.2.tgz. Extracting by manifest.
49 silly tarball no local data for type-is@https://registry.npmjs.org/type-is/-/type-is-2.0.1.tgz. Extracting by manifest.
50 silly tarball no local data for statuses@https://registry.npmjs.org/statuses/-/statuses-2.0.2.tgz. Extracting by manifest.
51 silly tarball no local data for split2@https://registry.npmjs.org/split2/-/split2-4.2.0.tgz. Extracting by manifest.
52 silly tarball no local data for serve-static@https://registry.npmjs.org/serve-static/-/serve-static-2.2.0.tgz. Extracting by manifest.
53 silly tarball no local data for send@https://registry.npmjs.org/send/-/send-1.2.0.tgz. Extracting by manifest.
54 silly tarball no local data for router@https://registry.npmjs.org/router/-/router-2.2.0.tgz. Extracting by manifest.
55 silly tarball no local data for qs@https://registry.npmjs.org/qs/-/qs-6.14.0.tgz. Extracting by manifest.
56 silly tarball no local data for postgres-date@https://registry.npmjs.org/postgres-date/-/postgres-date-1.0.7.tgz. Extracting by manifest.
57 silly tarball no local data for raw-body@https://registry.npmjs.org/raw-body/-/raw-body-3.0.2.tgz. Extracting by manifest.
58 silly tarball no local data for postgres-interval@https://registry.npmjs.org/postgres-interval/-/postgres-interval-1.2.0.tgz. Extracting by manifest.
59 silly tarball no local data for postgres-bytea@https://registry.npmjs.org/postgres-bytea/-/postgres-bytea-1.0.0.tgz. Extracting by manifest.
60 silly tarball no local data for postgres-array@https://registry.npmjs.org/postgres-array/-/postgres-array-2.0.0.tgz. Extracting by manifest.
61 silly tarball no local data for pgpass@https://registry.npmjs.org/pgpass/-/pgpass-1.0.5.tgz. Extracting by manifest.
62 silly tarball no local data for pg-types@https://registry.npmjs.org/pg-types/-/pg-types-2.2.0.tgz. Extracting by manifest.
63 silly tarball no local data for pg-protocol@https://registry.npmjs.org/pg-protocol/-/pg-protocol-1.10.3.tgz. Extracting by manifest.
64 silly tarball no local data for pg-int8@https://registry.npmjs.org/pg-int8/-/pg-int8-1.0.1.tgz. Extracting by manifest.
65 silly tarball no local data for pg-cloudflare@https://registry.npmjs.org/pg-cloudflare/-/pg-cloudflare-1.2.7.tgz. Extracting by manifest.
66 silly tarball no local data for pg-pool@https://registry.npmjs.org/pg-pool/-/pg-pool-3.10.1.tgz. Extracting by manifest.
67 silly tarball no local data for pg-connection-string@https://registry.npmjs.org/pg-connection-string/-/pg-connection-string-2.9.1.tgz. Extracting by manifest.
68 silly tarball no local data for pg@https://registry.npmjs.org/pg/-/pg-8.16.3.tgz. Extracting by manifest.
69 silly tarball no local data for path-to-regexp@https://registry.npmjs.org/path-to-regexp/-/path-to-regexp-8.3.0.tgz. Extracting by manifest.
70 silly tarball no local data for negotiator@https://registry.npmjs.org/negotiator/-/negotiator-1.0.0.tgz. Extracting by manifest.
71 silly tarball no local data for mime-db@https://registry.npmjs.org/mime-db/-/mime-db-1.54.0.tgz. Extracting by manifest.
72 silly tarball no local data for mime-types@https://registry.npmjs.org/mime-types/-/mime-types-3.0.2.tgz. Extracting by manifest.
73 silly tarball no local data for merge-descriptors@https://registry.npmjs.org/merge-descriptors/-/merge-descriptors-2.0.0.tgz. Extracting by manifest.
74 silly tarball no local data for media-typer@https://registry.npmjs.org/media-typer/-/media-typer-1.1.0.tgz. Extracting by manifest.
75 silly tarball no local data for is-promise@https://registry.npmjs.org/is-promise/-/is-promise-4.0.0.tgz. Extracting by manifest.
76 silly tarball no local data for iconv-lite@https://registry.npmjs.org/iconv-lite/-/iconv-lite-0.7.0.tgz. Extracting by manifest.
77 silly tarball no local data for http-errors@https://registry.npmjs.org/http-errors/-/http-errors-2.0.1.tgz. Extracting by manifest.
78 silly tarball no local data for fresh@https://registry.npmjs.org/fresh/-/fresh-2.0.0.tgz. Extracting by manifest.
79 silly tarball no local data for finalhandler@https://registry.npmjs.org/finalhandler/-/finalhandler-2.1.0.tgz. Extracting by manifest.
80 silly tarball no local data for express@https://registry.npmjs.org/express/-/express-5.1.0.tgz. Extracting by manifest.
81 silly tarball no local data for dotenv@https://registry.npmjs.org/dotenv/-/dotenv-17.2.3.tgz. Extracting by manifest.
82 silly tarball no local data for debug@https://registry.npmjs.org/debug/-/debug-4.4.3.tgz. Extracting by manifest.
83 silly tarball no local data for cors@https://registry.npmjs.org/cors/-/cors-2.8.5.tgz. Extracting by manifest.
84 silly tarball no local data for content-disposition@https://registry.npmjs.org/content-disposition/-/content-disposition-1.0.1.tgz. Extracting by manifest.
85 silly tarball no local data for cookie@https://registry.npmjs.org/cookie/-/cookie-0.7.2.tgz. Extracting by manifest.
86 silly tarball no local data for cookie-signature@https://registry.npmjs.org/cookie-signature/-/cookie-signature-1.2.2.tgz. Extracting by manifest.
87 silly tarball no local data for body-parser@https://registry.npmjs.org/body-parser/-/body-parser-2.2.1.tgz. Extracting by manifest.
88 silly tarball no local data for accepts@https://registry.npmjs.org/accepts/-/accepts-2.0.0.tgz. Extracting by manifest.
89 http fetch POST 200 https://registry.npmjs.org/-/npm/v1/security/advisories/bulk 2426ms
90 timing auditReport:getReport Completed in 2448ms
91 silly audit report {}
92 timing auditReport:init Completed in 0ms
93 timing reify:audit Completed in 2459ms
94 timing reifyNode:node_modules/encodeurl Completed in 2575ms
95 timing reifyNode:node_modules/wrappy Completed in 2609ms
96 timing reifyNode:node_modules/once Completed in 2629ms
97 timing reifyNode:node_modules/object-assign Completed in 2633ms
98 timing reifyNode:node_modules/ms Completed in 2633ms
99 timing reifyNode:node_modules/escape-html Completed in 2633ms
100 timing reifyNode:node_modules/ee-first Completed in 2634ms
101 timing reifyNode:node_modules/vary Completed in 2669ms
102 timing reifyNode:node_modules/unpipe Completed in 2670ms
103 timing reifyNode:node_modules/toidentifier Completed in 2670ms
104 timing reifyNode:node_modules/range-parser Completed in 2672ms
105 timing reifyNode:node_modules/parseurl Completed in 2669ms
106 timing reifyNode:node_modules/inherits Completed in 2673ms
107 timing reifyNode:node_modules/forwarded Completed in 2673ms
108 timing reifyNode:node_modules/etag Completed in 2673ms
109 timing reifyNode:node_modules/content-type Completed in 2670ms
110 timing reifyNode:node_modules/bytes Completed in 2685ms
111 timing reifyNode:node_modules/proxy-addr Completed in 2728ms
112 timing reifyNode:node_modules/on-finished Completed in 2726ms
113 timing reifyNode:node_modules/setprototypeof Completed in 2822ms
114 timing reifyNode:node_modules/safer-buffer Completed in 3007ms
115 timing reifyNode:node_modules/depd Completed in 3023ms
116 timing reifyNode:node_modules/ipaddr.js Completed in 3061ms
117 timing reifyNode:node_modules/hasown Completed in 3063ms
118 http fetch GET 200 https://registry.npmjs.org/xtend/-/xtend-4.0.2.tgz 2761ms (cache miss)
119 timing reifyNode:node_modules/xtend Completed in 3134ms
120 http fetch GET 200 https://registry.npmjs.org/pg-int8/-/pg-int8-1.0.1.tgz 2648ms (cache miss)
121 timing reifyNode:node_modules/pg-int8 Completed in 3132ms
122 timing reifyNode:node_modules/call-bound Completed in 3154ms
123 http fetch GET 200 https://registry.npmjs.org/statuses/-/statuses-2.0.2.tgz 2786ms (cache miss)
124 http fetch GET 200 https://registry.npmjs.org/split2/-/split2-4.2.0.tgz 2783ms (cache miss)
125 timing reifyNode:node_modules/split2 Completed in 3180ms
126 http fetch GET 200 https://registry.npmjs.org/cookie/-/cookie-0.7.2.tgz 2496ms (cache miss)
127 timing reifyNode:node_modules/cookie Completed in 3172ms
128 timing reifyNode:node_modules/side-channel-weakmap Completed in 3192ms
129 http fetch GET 200 https://registry.npmjs.org/is-promise/-/is-promise-4.0.0.tgz 2625ms (cache miss)
130 timing reifyNode:node_modules/is-promise Completed in 3184ms
131 http fetch GET 200 https://registry.npmjs.org/merge-descriptors/-/merge-descriptors-2.0.0.tgz 2652ms (cache miss)
132 timing reifyNode:node_modules/merge-descriptors Completed in 3204ms
133 http fetch GET 200 https://registry.npmjs.org/postgres-bytea/-/postgres-bytea-1.0.0.tgz 2759ms (cache miss)
134 timing reifyNode:node_modules/postgres-bytea Completed in 3209ms
135 http fetch GET 200 https://registry.npmjs.org/postgres-date/-/postgres-date-1.0.7.tgz 2781ms (cache miss)
136 timing reifyNode:node_modules/postgres-date Completed in 3211ms
137 timing reifyNode:node_modules/es-define-property Completed in 3204ms
138 http fetch GET 200 https://registry.npmjs.org/cors/-/cors-2.8.5.tgz 2557ms (cache miss)
139 timing reifyNode:node_modules/side-channel-list Completed in 3232ms
140 http fetch GET 200 https://registry.npmjs.org/postgres-array/-/postgres-array-2.0.0.tgz 2775ms (cache miss)
141 timing reifyNode:node_modules/postgres-array Completed in 3236ms
142 timing reifyNode:node_modules/statuses Completed in 3261ms
143 http fetch GET 200 https://registry.npmjs.org/postgres-interval/-/postgres-interval-1.2.0.tgz 2815ms (cache miss)
144 timing reifyNode:node_modules/postgres-interval Completed in 3261ms
145 http fetch GET 200 https://registry.npmjs.org/pg-connection-string/-/pg-connection-string-2.9.1.tgz 2768ms (cache miss)
146 http fetch GET 200 https://registry.npmjs.org/pgpass/-/pgpass-1.0.5.tgz 2803ms (cache miss)
147 timing reifyNode:node_modules/pgpass Completed in 3267ms
148 http fetch GET 200 https://registry.npmjs.org/type-is/-/type-is-2.0.1.tgz 2885ms (cache miss)
149 timing reifyNode:node_modules/type-is Completed in 3272ms
150 timing reifyNode:node_modules/cors Completed in 3263ms
151 timing reifyNode:node_modules/side-channel-map Completed in 3277ms
152 timing reifyNode:node_modules/side-channel Completed in 3279ms
153 timing reifyNode:node_modules/gopd Completed in 3277ms
154 http fetch GET 200 https://registry.npmjs.org/media-typer/-/media-typer-1.1.0.tgz 2734ms (cache miss)
155 timing reifyNode:node_modules/media-typer Completed in 3286ms
156 timing reifyNode:node_modules/pg-connection-string Completed in 3297ms
157 timing reifyNode:node_modules/get-intrinsic Completed in 3328ms
158 timing reifyNode:node_modules/dunder-proto Completed in 3330ms
159 http fetch GET 200 https://registry.npmjs.org/cookie-signature/-/cookie-signature-1.2.2.tgz 2646ms (cache miss)
160 timing reifyNode:node_modules/cookie-signature Completed in 3332ms
161 http fetch GET 200 https://registry.npmjs.org/finalhandler/-/finalhandler-2.1.0.tgz 2739ms (cache miss)
162 timing reifyNode:node_modules/finalhandler Completed in 3335ms
163 http fetch GET 200 https://registry.npmjs.org/raw-body/-/raw-body-3.0.2.tgz 2914ms (cache miss)
164 timing reifyNode:node_modules/es-object-atoms Completed in 3343ms
165 http fetch GET 200 https://registry.npmjs.org/accepts/-/accepts-2.0.0.tgz 2641ms (cache miss)
166 http fetch GET 200 https://registry.npmjs.org/http-errors/-/http-errors-2.0.1.tgz 2773ms (cache miss)
167 timing reifyNode:node_modules/function-bind Completed in 3351ms
168 timing reifyNode:node_modules/accepts Completed in 3371ms
169 timing reifyNode:node_modules/http-errors Completed in 3380ms
170 timing reifyNode:node_modules/get-proto Completed in 3379ms
171 http fetch GET 200 https://registry.npmjs.org/mime-types/-/mime-types-3.0.2.tgz 2848ms (cache miss)
172 timing reifyNode:node_modules/raw-body Completed in 3397ms
173 http fetch GET 200 https://registry.npmjs.org/content-disposition/-/content-disposition-1.0.1.tgz 2719ms (cache miss)
174 timing reifyNode:node_modules/content-disposition Completed in 3388ms
175 http fetch GET 200 https://registry.npmjs.org/fresh/-/fresh-2.0.0.tgz 2814ms (cache miss)
176 timing reifyNode:node_modules/fresh Completed in 3402ms
177 timing reifyNode:node_modules/mime-types Completed in 3438ms
178 http fetch GET 200 https://registry.npmjs.org/serve-static/-/serve-static-2.2.0.tgz 3053ms (cache miss)
179 timing reifyNode:node_modules/serve-static Completed in 3459ms
180 timing reifyNode:node_modules/has-symbols Completed in 3466ms
181 http fetch GET 200 https://registry.npmjs.org/pg-pool/-/pg-pool-3.10.1.tgz 2997ms (cache miss)
182 timing reifyNode:node_modules/pg-pool Completed in 3491ms
183 http fetch GET 200 https://registry.npmjs.org/send/-/send-1.2.0.tgz 3085ms (cache miss)
184 timing reifyNode:node_modules/send Completed in 3495ms
185 http fetch GET 200 https://registry.npmjs.org/negotiator/-/negotiator-1.0.0.tgz 2967ms (cache miss)
186 timing reifyNode:node_modules/negotiator Completed in 3494ms
187 timing reifyNode:node_modules/call-bind-apply-helpers Completed in 3499ms
188 timing reifyNode:node_modules/es-errors Completed in 3506ms
189 http fetch GET 200 https://registry.npmjs.org/pg-cloudflare/-/pg-cloudflare-1.2.7.tgz 3030ms (cache miss)
190 http fetch GET 200 https://registry.npmjs.org/pg-types/-/pg-types-2.2.0.tgz 3059ms (cache miss)
191 timing reifyNode:node_modules/pg-types Completed in 3529ms
192 http fetch GET 200 https://registry.npmjs.org/path-to-regexp/-/path-to-regexp-8.3.0.tgz 3011ms (cache miss)
193 timing reifyNode:node_modules/path-to-regexp Completed in 3530ms
194 timing reifyNode:node_modules/pg-cloudflare Completed in 3547ms
195 http fetch GET 200 https://registry.npmjs.org/router/-/router-2.2.0.tgz 3165ms (cache miss)
196 timing reifyNode:node_modules/router Completed in 3582ms
197 http fetch GET 200 https://registry.npmjs.org/debug/-/debug-4.4.3.tgz 2918ms (cache miss)
198 timing reifyNode:node_modules/debug Completed in 3573ms
199 http fetch GET 200 https://registry.npmjs.org/body-parser/-/body-parser-2.2.1.tgz 2905ms (cache miss)
200 timing reifyNode:node_modules/body-parser Completed in 3598ms
201 http fetch GET 200 https://registry.npmjs.org/mime-db/-/mime-db-1.54.0.tgz 3105ms (cache miss)
202 timing reifyNode:node_modules/mime-db Completed in 3636ms
203 timing reifyNode:node_modules/math-intrinsics Completed in 3644ms
204 http fetch GET 200 https://registry.npmjs.org/dotenv/-/dotenv-17.2.3.tgz 3013ms (cache miss)
205 timing reifyNode:node_modules/dotenv Completed in 3664ms
206 timing reifyNode:node_modules/object-inspect Completed in 3676ms
207 http fetch GET 200 https://registry.npmjs.org/pg/-/pg-8.16.3.tgz 3243ms (cache miss)
208 timing reifyNode:node_modules/pg Completed in 3752ms
209 http fetch GET 200 https://registry.npmjs.org/express/-/express-5.1.0.tgz 3121ms (cache miss)
210 timing reifyNode:node_modules/express Completed in 3747ms
211 http fetch GET 200 https://registry.npmjs.org/qs/-/qs-6.14.0.tgz 3346ms (cache miss)
212 timing reifyNode:node_modules/qs Completed in 3773ms
213 http fetch GET 200 https://registry.npmjs.org/pg-protocol/-/pg-protocol-1.10.3.tgz 3342ms (cache miss)
214 timing reifyNode:node_modules/pg-protocol Completed in 3817ms
215 http fetch GET 200 https://registry.npmjs.org/iconv-lite/-/iconv-lite-0.7.0.tgz 3244ms (cache miss)
216 timing reifyNode:node_modules/iconv-lite Completed in 3813ms
217 timing reify:unpack Completed in 3827ms
218 timing reify:unretire Completed in 2ms
219 timing build:queue Completed in 20ms
220 timing build:deps Completed in 24ms
221 timing build Completed in 24ms
222 timing reify:build Completed in 26ms
223 timing reify:trash Completed in 1ms
224 timing reify:save Completed in 59ms
225 timing reify Completed in 4460ms
226 silly ADD node_modules/xtend
227 silly ADD node_modules/wrappy
228 silly ADD node_modules/vary
229 silly ADD node_modules/unpipe
230 silly ADD node_modules/type-is
231 silly ADD node_modules/toidentifier
232 silly ADD node_modules/statuses
233 silly ADD node_modules/split2
234 silly ADD node_modules/side-channel-weakmap
235 silly ADD node_modules/side-channel-map
236 silly ADD node_modules/side-channel-list
237 silly ADD node_modules/side-channel
238 silly ADD node_modules/setprototypeof
239 silly ADD node_modules/serve-static
240 silly ADD node_modules/send
241 silly ADD node_modules/safer-buffer
242 silly ADD node_modules/router
243 silly ADD node_modules/raw-body
244 silly ADD node_modules/range-parser
245 silly ADD node_modules/qs
246 silly ADD node_modules/proxy-addr
247 silly ADD node_modules/postgres-interval
248 silly ADD node_modules/postgres-date
249 silly ADD node_modules/postgres-bytea
250 silly ADD node_modules/postgres-array
251 silly ADD node_modules/pgpass
252 silly ADD node_modules/pg-types
253 silly ADD node_modules/pg-protocol
254 silly ADD node_modules/pg-pool
255 silly ADD node_modules/pg-int8
256 silly ADD node_modules/pg-connection-string
257 silly ADD node_modules/pg-cloudflare
258 silly ADD node_modules/pg
259 silly ADD node_modules/path-to-regexp
260 silly ADD node_modules/parseurl
261 silly ADD node_modules/once
262 silly ADD node_modules/on-finished
263 silly ADD node_modules/object-inspect
264 silly ADD node_modules/object-assign
265 silly ADD node_modules/negotiator
266 silly ADD node_modules/ms
267 silly ADD node_modules/mime-types
268 silly ADD node_modules/mime-db
269 silly ADD node_modules/merge-descriptors
270 silly ADD node_modules/media-typer
271 silly ADD node_modules/math-intrinsics
272 silly ADD node_modules/is-promise
273 silly ADD node_modules/ipaddr.js
274 silly ADD node_modules/inherits
275 silly ADD node_modules/iconv-lite
276 silly ADD node_modules/http-errors
277 silly ADD node_modules/hasown
278 silly ADD node_modules/has-symbols
279 silly ADD node_modules/gopd
280 silly ADD node_modules/get-proto
281 silly ADD node_modules/get-intrinsic
282 silly ADD node_modules/function-bind
283 silly ADD node_modules/fresh
284 silly ADD node_modules/forwarded
285 silly ADD node_modules/finalhandler
286 silly ADD node_modules/express
287 silly ADD node_modules/etag
288 silly ADD node_modules/escape-html
289 silly ADD node_modules/es-object-atoms
290 silly ADD node_modules/es-errors
291 silly ADD node_modules/es-define-property
292 silly ADD node_modules/encodeurl
293 silly ADD node_modules/ee-first
294 silly ADD node_modules/dunder-proto
295 silly ADD node_modules/dotenv
296 silly ADD node_modules/depd
297 silly ADD node_modules/debug
298 silly ADD node_modules/cors
299 silly ADD node_modules/cookie-signature
300 silly ADD node_modules/cookie
301 silly ADD node_modules/content-type
302 silly ADD node_modules/content-disposition
303 silly ADD node_modules/call-bound
304 silly ADD node_modules/call-bind-apply-helpers
305 silly ADD node_modules/bytes
306 silly ADD node_modules/body-parser
307 silly ADD node_modules/accepts
308 timing command:install Completed in 4508ms
309 verbose exit 0
310 timing npm Completed in 4713ms
311 info ok
